# JRE version: OpenJDK Runtime Environment (11.0.10) (build 11.0.10+0-b96-7249189)
# Java VM: OpenJDK 64-Bit Server VM (11.0.10+0-b96-7249189, mixed mode, tiered, compressed oops, g1 gc, windows-amd64)
Heap:
 garbage-first heap   total 451584K, used 249465K [0x0000000080000000, 0x0000000100000000)
  region size 1024K, 89 young (91136K), 3 survivors (3072K)
 Metaspace       used 161538K, capacity 167763K, committed 172492K, reserved 1198080K
  class space    used 19643K, capacity 21861K, committed 22988K, reserved 1048576K
GC Heap History (20 events):
Event: 8833.313 GC heap before
{Heap before GC invocations=240 (full 0):
 garbage-first heap   total 451584K, used 166294K [0x0000000080000000, 0x0000000100000000)
  region size 1024K, 22 young (22528K), 17 survivors (17408K)
 Metaspace       used 163641K, capacity 170294K, committed 171980K, reserved 1198080K
  class space    used 20210K, capacity 22609K, committed 22988K, reserved 1048576K
}
Event: 8833.363 GC heap after
{Heap after GC invocations=241 (full 0):
 garbage-first heap   total 451584K, used 153685K [0x0000000080000000, 0x0000000100000000)
  region size 1024K, 2 young (2048K), 2 survivors (2048K)
 Metaspace       used 163641K, capacity 170294K, committed 171980K, reserved 1198080K
  class space    used 20210K, capacity 22609K, committed 22988K, reserved 1048576K
}
Event: 8836.158 GC heap before
{Heap before GC invocations=241 (full 0):
 garbage-first heap   total 451584K, used 230485K [0x0000000080000000, 0x0000000100000000)
  region size 1024K, 79 young (80896K), 2 survivors (2048K)
 Metaspace       used 165283K, capacity 172238K, committed 172492K, reserved 1198080K
  class space    used 20486K, capacity 22957K, committed 22988K, reserved 1048576K
}
Event: 8836.177 GC heap after
{Heap after GC invocations=242 (full 0):
 garbage-first heap   total 451584K, used 153092K [0x0000000080000000, 0x0000000100000000)
  region size 1024K, 4 young (4096K), 4 survivors (4096K)
 Metaspace       used 165283K, capacity 172238K, committed 172492K, reserved 1198080K
  class space    used 20486K, capacity 22957K, committed 22988K, reserved 1048576K
}
Event: 8837.528 GC heap before
{Heap before GC invocations=243 (full 0):
 garbage-first heap   total 451584K, used 351748K [0x0000000080000000, 0x0000000100000000)
  region size 1024K, 191 young (195584K), 4 survivors (4096K)
 Metaspace       used 165340K, capacity 172306K, committed 172492K, reserved 1198080K
  class space    used 20486K, capacity 22957K, committed 22988K, reserved 1048576K
}
Event: 8837.608 GC heap after
{Heap after GC invocations=244 (full 0):
 garbage-first heap   total 451584K, used 186281K [0x0000000080000000, 0x0000000100000000)
  region size 1024K, 24 young (24576K), 24 survivors (24576K)
 Metaspace       used 165340K, capacity 172306K, committed 172492K, reserved 1198080K
  class space    used 20486K, capacity 22957K, committed 22988K, reserved 1048576K
}
Event: 8837.610 GC heap before
{Heap before GC invocations=244 (full 0):
 garbage-first heap   total 451584K, used 187305K [0x0000000080000000, 0x0000000100000000)
  region size 1024K, 25 young (25600K), 24 survivors (24576K)
 Metaspace       used 165340K, capacity 172306K, committed 172492K, reserved 1198080K
  class space    used 20486K, capacity 22957K, committed 22988K, reserved 1048576K
}
Event: 8837.705 GC heap after
{Heap after GC invocations=245 (full 0):
 garbage-first heap   total 451584K, used 180909K [0x0000000080000000, 0x0000000100000000)
  region size 1024K, 3 young (3072K), 3 survivors (3072K)
 Metaspace       used 165340K, capacity 172306K, committed 172492K, reserved 1198080K
  class space    used 20486K, capacity 22957K, committed 22988K, reserved 1048576K
}
Event: 8838.458 GC heap before
{Heap before GC invocations=245 (full 0):
 garbage-first heap   total 451584K, used 343725K [0x0000000080000000, 0x0000000100000000)
  region size 1024K, 163 young (166912K), 3 survivors (3072K)
 Metaspace       used 165394K, capacity 172313K, committed 172492K, reserved 1198080K
  class space    used 20486K, capacity 22957K, committed 22988K, reserved 1048576K
}
Event: 8838.476 GC heap after
{Heap after GC invocations=246 (full 0):
 garbage-first heap   total 451584K, used 181512K [0x0000000080000000, 0x0000000100000000)
  region size 1024K, 4 young (4096K), 4 survivors (4096K)
 Metaspace       used 165394K, capacity 172313K, committed 172492K, reserved 1198080K
  class space    used 20486K, capacity 22957K, committed 22988K, reserved 1048576K
}
Event: 8992.766 GC heap before
{Heap before GC invocations=247 (full 0):
 garbage-first heap   total 451584K, used 369928K [0x0000000080000000, 0x0000000100000000)
  region size 1024K, 173 young (177152K), 4 survivors (4096K)
 Metaspace       used 155199K, capacity 161320K, committed 172492K, reserved 1198080K
  class space    used 19083K, capacity 21287K, committed 22988K, reserved 1048576K
}
Event: 8992.864 GC heap after
{Heap after GC invocations=248 (full 0):
 garbage-first heap   total 451584K, used 192757K [0x0000000080000000, 0x0000000100000000)
  region size 1024K, 21 young (21504K), 21 survivors (21504K)
 Metaspace       used 155199K, capacity 161320K, committed 172492K, reserved 1198080K
  class space    used 19083K, capacity 21287K, committed 22988K, reserved 1048576K
}
Event: 8992.876 GC heap before
{Heap before GC invocations=248 (full 0):
 garbage-first heap   total 451584K, used 193781K [0x0000000080000000, 0x0000000100000000)
  region size 1024K, 22 young (22528K), 21 survivors (21504K)
 Metaspace       used 155199K, capacity 161320K, committed 172492K, reserved 1198080K
  class space    used 19083K, capacity 21287K, committed 22988K, reserved 1048576K
}
Event: 8993.036 GC heap after
{Heap after GC invocations=249 (full 0):
 garbage-first heap   total 451584K, used 178743K [0x0000000080000000, 0x0000000100000000)
  region size 1024K, 2 young (2048K), 2 survivors (2048K)
 Metaspace       used 155199K, capacity 161320K, committed 172492K, reserved 1198080K
  class space    used 19083K, capacity 21287K, committed 22988K, reserved 1048576K
}
Event: 8994.055 GC heap before
{Heap before GC invocations=249 (full 0):
 garbage-first heap   total 451584K, used 213559K [0x0000000080000000, 0x0000000100000000)
  region size 1024K, 38 young (38912K), 2 survivors (2048K)
 Metaspace       used 155754K, capacity 161890K, committed 172492K, reserved 1198080K
  class space    used 19137K, capacity 21351K, committed 22988K, reserved 1048576K
}
Event: 8994.088 GC heap after
{Heap after GC invocations=250 (full 0):
 garbage-first heap   total 451584K, used 188133K [0x0000000080000000, 0x0000000100000000)
  region size 1024K, 11 young (11264K), 11 survivors (11264K)
 Metaspace       used 155754K, capacity 161890K, committed 172492K, reserved 1198080K
  class space    used 19137K, capacity 21351K, committed 22988K, reserved 1048576K
}
Event: 8996.812 GC heap before
{Heap before GC invocations=251 (full 0):
 garbage-first heap   total 451584K, used 362213K [0x0000000080000000, 0x0000000100000000)
  region size 1024K, 163 young (166912K), 11 survivors (11264K)
 Metaspace       used 159564K, capacity 165675K, committed 172492K, reserved 1198080K
  class space    used 19447K, capacity 21656K, committed 22988K, reserved 1048576K
}
Event: 8996.840 GC heap after
{Heap after GC invocations=252 (full 0):
 garbage-first heap   total 451584K, used 192252K [0x0000000080000000, 0x0000000100000000)
  region size 1024K, 19 young (19456K), 19 survivors (19456K)
 Metaspace       used 159564K, capacity 165675K, committed 172492K, reserved 1198080K
  class space    used 19447K, capacity 21656K, committed 22988K, reserved 1048576K
}
Event: 8996.862 GC heap before
{Heap before GC invocations=252 (full 0):
 garbage-first heap   total 451584K, used 195324K [0x0000000080000000, 0x0000000100000000)
  region size 1024K, 22 young (22528K), 19 survivors (19456K)
 Metaspace       used 159564K, capacity 165675K, committed 172492K, reserved 1198080K
  class space    used 19447K, capacity 21656K, committed 22988K, reserved 1048576K
}
Event: 8996.923 GC heap after
{Heap after GC invocations=253 (full 0):
 garbage-first heap   total 451584K, used 163449K [0x0000000080000000, 0x0000000100000000)
  region size 1024K, 3 young (3072K), 3 survivors (3072K)
 Metaspace       used 159564K, capacity 165675K, committed 172492K, reserved 1198080K
  class space    used 19447K, capacity 21656K, committed 22988K, reserved 1048576K
}

